<?xml version="1.0"?>
<testsuites>
  <testsuite name="Chrome 41.0.2272 (Windows 7)" package="" timestamp="2015-04-13T17:49:15" id="0" hostname="CHELSEA" tests="6" errors="0" failures="0" time="0.033">
    <properties>
      <property name="browser.fullName" value="Mozilla/5.0 (Windows NT 6.1; WOW64) AppleWebKit/537.36 (KHTML, like Gecko) Chrome/41.0.2272.118 Safari/537.36"/>
    </properties>
    <testcase name="should create a new instance of Grid" time="0.015" classname="Chrome 41.0.2272 (Windows 7).Grid"/>
    <testcase name="should create a new EditorContainer instance" time="0.008" classname="Chrome 41.0.2272 (Windows 7).Editor Container Tests Basic render tests"/>
    <testcase name="should render a simpleTextEditor if no column.editor property" time="0.003" classname="Chrome 41.0.2272 (Windows 7).Editor Container Tests Basic render tests"/>
    <testcase name="should select the text of the default input when the editor is rendered" time="0.002" classname="Chrome 41.0.2272 (Windows 7).Editor Container Tests Basic render tests"/>
    <testcase name="should render the editor with the correct properties" time="0.002" classname="Chrome 41.0.2272 (Windows 7).Editor Container Tests Basic render tests"/>
    <testcase name="hitting enter should call commit of cellMetaData" time="0.003" classname="Chrome 41.0.2272 (Windows 7).Editor Container Tests keyboard events"/>
    <system-out><![CDATA[
]]></system-out>
    <system-err/>
  </testsuite>
</testsuites>
