<?xml version="1.0"?>
<testsuites>
  <testsuite name="PhantomJS 1.9.8 (Windows 7)" package="" timestamp="2015-04-13T17:32:02" id="0" hostname="CHELSEA" tests="6" errors="0" failures="0" time="0.028">
    <properties>
      <property name="browser.fullName" value="Mozilla/5.0 (Windows NT 6.1; WOW64) AppleWebKit/534.34 (KHTML, like Gecko) PhantomJS/1.9.8 Safari/534.34"/>
    </properties>
    <testcase name="should create a new instance of Grid" time="0.011" classname="PhantomJS 1.9.8 (Windows 7).Grid"/>
    <testcase name="should create a new EditorContainer instance" time="0.009" classname="PhantomJS 1.9.8 (Windows 7).Editor Container Tests Basic render tests"/>
    <testcase name="should render a simpleTextEditor if no column.editor property" time="0.002" classname="PhantomJS 1.9.8 (Windows 7).Editor Container Tests Basic render tests"/>
    <testcase name="should select the text of the default input when the editor is rendered" time="0.002" classname="PhantomJS 1.9.8 (Windows 7).Editor Container Tests Basic render tests"/>
    <testcase name="should render the editor with the correct properties" time="0.002" classname="PhantomJS 1.9.8 (Windows 7).Editor Container Tests Basic render tests"/>
    <testcase name="hitting enter should call commit of cellMetaData" time="0.002" classname="PhantomJS 1.9.8 (Windows 7).Editor Container Tests keyboard events"/>
    <system-out><![CDATA[
]]></system-out>
    <system-err/>
  </testsuite>
</testsuites>
