<?xml version="1.0"?>
<testsuites>
  <testsuite name="PhantomJS 1.9.8 (Windows 7)" package="" timestamp="2015-04-13T17:13:27" id="0" hostname="CHELSEA" tests="3" errors="0" failures="0" time="0.025">
    <properties>
      <property name="browser.fullName" value="Mozilla/5.0 (Windows NT 6.1; WOW64) AppleWebKit/534.34 (KHTML, like Gecko) PhantomJS/1.9.8 Safari/534.34"/>
    </properties>
    <testcase name="should create a new instance of Grid" time="0.011" classname="PhantomJS 1.9.8 (Windows 7).Grid"/>
    <testcase name="should create a new EditorContainer instance" time="0.012" classname="PhantomJS 1.9.8 (Windows 7).Editor Container Tests"/>
    <testcase name="should render a simpleTextEditor if no column.editor property" time="0.002" classname="PhantomJS 1.9.8 (Windows 7).Editor Container Tests"/>
    <system-out><![CDATA[
]]></system-out>
    <system-err/>
  </testsuite>
</testsuites>
